<?xml version="1.0" encoding="UTF-8"?>
<testng-results ignored="0" total="17" passed="17" failed="0" skipped="0">
  <reporter-output>
  </reporter-output>
  <suite started-at="2024-09-30T17:56:59 IST" name="Suite" finished-at="2024-09-30T18:12:42 IST" duration-ms="942423">
    <groups>
    </groups>
    <test started-at="2024-09-30T17:56:59 IST" name="Test" finished-at="2024-09-30T18:12:42 IST" duration-ms="942423">
      <class name="testCases.TestCase1">
        <test-method is-config="true" signature="environmentSetup()[pri:0, instance:testCases.TestCase1@771a660]" started-at="2024-09-30T17:56:59 IST" name="environmentSetup" finished-at="2024-09-30T17:56:59 IST" duration-ms="530" status="PASS">
          <reporter-output>
          </reporter-output>
        </test-method> <!-- environmentSetup -->
        <test-method is-config="true" signature="launchBrowser(java.lang.String)[pri:0, instance:testCases.TestCase1@771a660]" started-at="2024-09-30T17:56:59 IST" name="launchBrowser" finished-at="2024-09-30T17:57:13 IST" duration-ms="13109" status="PASS">
          <params>
            <param index="0">
              <value>
                <![CDATA[chrome]]>
              </value>
            </param>
          </params>
          <reporter-output>
          </reporter-output>
        </test-method> <!-- launchBrowser -->
        <test-method signature="testCase1()[pri:1, instance:testCases.TestCase1@771a660]" started-at="2024-09-30T17:57:13 IST" name="testCase1" description="TestCase1" finished-at="2024-09-30T17:57:17 IST" duration-ms="3933" status="PASS">
          <reporter-output>
          </reporter-output>
        </test-method> <!-- testCase1 -->
        <test-method signature="testCase2()[pri:2, instance:testCases.TestCase1@771a660]" started-at="2024-09-30T17:57:17 IST" name="testCase2" description="TestCase2" finished-at="2024-09-30T17:57:25 IST" duration-ms="8142" status="PASS">
          <reporter-output>
          </reporter-output>
        </test-method> <!-- testCase2 -->
        <test-method signature="testCase3()[pri:3, instance:testCases.TestCase1@771a660]" started-at="2024-09-30T17:57:25 IST" name="testCase3" description="TestCase3" finished-at="2024-09-30T17:58:14 IST" duration-ms="49320" status="PASS">
          <reporter-output>
          </reporter-output>
        </test-method> <!-- testCase3 -->
        <test-method signature="testCase4()[pri:4, instance:testCases.TestCase1@771a660]" started-at="2024-09-30T17:58:14 IST" name="testCase4" description="TestCase4" finished-at="2024-09-30T17:58:47 IST" duration-ms="32523" status="PASS">
          <reporter-output>
          </reporter-output>
        </test-method> <!-- testCase4 -->
        <test-method signature="testCase5()[pri:5, instance:testCases.TestCase1@771a660]" started-at="2024-09-30T17:58:47 IST" name="testCase5" description="TestCase5" finished-at="2024-09-30T17:59:45 IST" duration-ms="58969" status="PASS">
          <reporter-output>
          </reporter-output>
        </test-method> <!-- testCase5 -->
        <test-method signature="testCase6()[pri:6, instance:testCases.TestCase1@771a660]" started-at="2024-09-30T17:59:45 IST" name="testCase6" description="TestCase6" finished-at="2024-09-30T18:00:41 IST" duration-ms="55598" status="PASS">
          <reporter-output>
          </reporter-output>
        </test-method> <!-- testCase6 -->
        <test-method signature="testCase7()[pri:7, instance:testCases.TestCase1@771a660]" started-at="2024-09-30T18:00:41 IST" name="testCase7" description="TestCase7" finished-at="2024-09-30T18:01:36 IST" duration-ms="55276" status="PASS">
          <reporter-output>
          </reporter-output>
        </test-method> <!-- testCase7 -->
        <test-method signature="testCase8()[pri:8, instance:testCases.TestCase1@771a660]" started-at="2024-09-30T18:01:36 IST" name="testCase8" description="TestCase8" finished-at="2024-09-30T18:02:23 IST" duration-ms="46922" status="PASS">
          <reporter-output>
          </reporter-output>
        </test-method> <!-- testCase8 -->
        <test-method signature="testCase9()[pri:9, instance:testCases.TestCase1@771a660]" started-at="2024-09-30T18:02:23 IST" name="testCase9" description="TestCase9" finished-at="2024-09-30T18:02:57 IST" duration-ms="33903" status="PASS">
          <reporter-output>
          </reporter-output>
        </test-method> <!-- testCase9 -->
        <test-method signature="testCase10()[pri:10, instance:testCases.TestCase1@771a660]" started-at="2024-09-30T18:02:57 IST" name="testCase10" description="TestCase10" finished-at="2024-09-30T18:04:21 IST" duration-ms="83536" status="PASS">
          <reporter-output>
          </reporter-output>
        </test-method> <!-- testCase10 -->
        <test-method signature="testCase11()[pri:11, instance:testCases.TestCase1@771a660]" started-at="2024-09-30T18:04:21 IST" name="testCase11" description="TestCase11" finished-at="2024-09-30T18:05:42 IST" duration-ms="81244" status="PASS">
          <reporter-output>
          </reporter-output>
        </test-method> <!-- testCase11 -->
        <test-method signature="testCase12()[pri:12, instance:testCases.TestCase1@771a660]" started-at="2024-09-30T18:05:42 IST" name="testCase12" description="TestCase12" finished-at="2024-09-30T18:07:01 IST" duration-ms="79344" status="PASS">
          <reporter-output>
          </reporter-output>
        </test-method> <!-- testCase12 -->
        <test-method signature="testCase13()[pri:13, instance:testCases.TestCase1@771a660]" started-at="2024-09-30T18:07:01 IST" name="testCase13" description="TestCase13" finished-at="2024-09-30T18:07:48 IST" duration-ms="46790" status="PASS">
          <reporter-output>
          </reporter-output>
        </test-method> <!-- testCase13 -->
        <test-method signature="testCase14()[pri:14, instance:testCases.TestCase1@771a660]" started-at="2024-09-30T18:07:48 IST" name="testCase14" description="TestCase14" finished-at="2024-09-30T18:08:33 IST" duration-ms="44854" status="PASS">
          <reporter-output>
          </reporter-output>
        </test-method> <!-- testCase14 -->
        <test-method signature="testCase15()[pri:15, instance:testCases.TestCase1@771a660]" started-at="2024-09-30T18:08:33 IST" name="testCase15" description="TestCase15" finished-at="2024-09-30T18:09:57 IST" duration-ms="84065" status="PASS">
          <reporter-output>
          </reporter-output>
        </test-method> <!-- testCase15 -->
        <test-method signature="testCase16()[pri:16, instance:testCases.TestCase1@771a660]" started-at="2024-09-30T18:09:57 IST" name="testCase16" description="TestCase16" finished-at="2024-09-30T18:11:20 IST" duration-ms="83109" status="PASS">
          <reporter-output>
          </reporter-output>
        </test-method> <!-- testCase16 -->
        <test-method signature="testCase17()[pri:17, instance:testCases.TestCase1@771a660]" started-at="2024-09-30T18:11:20 IST" name="testCase17" description="TestCase17" finished-at="2024-09-30T18:12:41 IST" duration-ms="80588" status="PASS">
          <reporter-output>
          </reporter-output>
        </test-method> <!-- testCase17 -->
        <test-method is-config="true" signature="closeDriver()[pri:0, instance:testCases.TestCase1@771a660]" started-at="2024-09-30T18:12:41 IST" name="closeDriver" finished-at="2024-09-30T18:12:42 IST" duration-ms="1138" status="PASS">
          <reporter-output>
          </reporter-output>
        </test-method> <!-- closeDriver -->
        <test-method is-config="true" signature="afterSuite()[pri:0, instance:testCases.TestCase1@771a660]" started-at="2024-09-30T18:12:42 IST" name="afterSuite" finished-at="2024-09-30T18:12:42 IST" duration-ms="551" status="PASS">
          <reporter-output>
          </reporter-output>
        </test-method> <!-- afterSuite -->
      </class> <!-- testCases.TestCase1 -->
    </test> <!-- Test -->
  </suite> <!-- Suite -->
</testng-results>
