<?xml version="1.0" encoding="UTF-8"?>
<testng-results ignored="0" total="17" passed="17" failed="0" skipped="0">
  <reporter-output>
  </reporter-output>
  <suite started-at="2024-09-30T16:59:23 IST" name="Suite" finished-at="2024-09-30T17:06:50 IST" duration-ms="446876">
    <groups>
    </groups>
    <test started-at="2024-09-30T16:59:23 IST" name="Test" finished-at="2024-09-30T17:06:50 IST" duration-ms="446876">
      <class name="testCases.TestCase1">
        <test-method is-config="true" signature="environmentSetup()[pri:0, instance:testCases.TestCase1@38c6f217]" started-at="2024-09-30T16:59:23 IST" name="environmentSetup" finished-at="2024-09-30T16:59:23 IST" duration-ms="135" status="PASS">
          <reporter-output>
          </reporter-output>
        </test-method> <!-- environmentSetup -->
        <test-method is-config="true" signature="launchBrowser(java.lang.String)[pri:0, instance:testCases.TestCase1@38c6f217]" started-at="2024-09-30T16:59:23 IST" name="launchBrowser" finished-at="2024-09-30T16:59:29 IST" duration-ms="5733" status="PASS">
          <params>
            <param index="0">
              <value>
                <![CDATA[chrome]]>
              </value>
            </param>
          </params>
          <reporter-output>
          </reporter-output>
        </test-method> <!-- launchBrowser -->
        <test-method signature="testCase1()[pri:1, instance:testCases.TestCase1@38c6f217]" started-at="2024-09-30T16:59:29 IST" name="testCase1" description="TestCase1" finished-at="2024-09-30T16:59:32 IST" duration-ms="2861" status="PASS">
          <reporter-output>
          </reporter-output>
        </test-method> <!-- testCase1 -->
        <test-method signature="testCase2()[pri:2, instance:testCases.TestCase1@38c6f217]" started-at="2024-09-30T16:59:32 IST" name="testCase2" description="TestCase2" finished-at="2024-09-30T16:59:34 IST" duration-ms="2476" status="PASS">
          <reporter-output>
          </reporter-output>
        </test-method> <!-- testCase2 -->
        <test-method signature="testCase3()[pri:3, instance:testCases.TestCase1@38c6f217]" started-at="2024-09-30T16:59:34 IST" name="testCase3" description="TestCase3" finished-at="2024-09-30T16:59:47 IST" duration-ms="13109" status="PASS">
          <reporter-output>
          </reporter-output>
        </test-method> <!-- testCase3 -->
        <test-method signature="testCase4()[pri:4, instance:testCases.TestCase1@38c6f217]" started-at="2024-09-30T16:59:47 IST" name="testCase4" description="TestCase4" finished-at="2024-09-30T16:59:53 IST" duration-ms="5994" status="PASS">
          <reporter-output>
          </reporter-output>
        </test-method> <!-- testCase4 -->
        <test-method signature="testCase5()[pri:5, instance:testCases.TestCase1@38c6f217]" started-at="2024-09-30T16:59:53 IST" name="testCase5" description="TestCase5" finished-at="2024-09-30T17:00:13 IST" duration-ms="19952" status="PASS">
          <reporter-output>
          </reporter-output>
        </test-method> <!-- testCase5 -->
        <test-method signature="testCase6()[pri:6, instance:testCases.TestCase1@38c6f217]" started-at="2024-09-30T17:00:13 IST" name="testCase6" description="TestCase6" finished-at="2024-09-30T17:00:31 IST" duration-ms="17914" status="PASS">
          <reporter-output>
          </reporter-output>
        </test-method> <!-- testCase6 -->
        <test-method signature="testCase7()[pri:7, instance:testCases.TestCase1@38c6f217]" started-at="2024-09-30T17:00:31 IST" name="testCase7" description="TestCase7" finished-at="2024-09-30T17:01:20 IST" duration-ms="48824" status="PASS">
          <reporter-output>
          </reporter-output>
        </test-method> <!-- testCase7 -->
        <test-method signature="testCase8()[pri:8, instance:testCases.TestCase1@38c6f217]" started-at="2024-09-30T17:01:20 IST" name="testCase8" description="TestCase8" finished-at="2024-09-30T17:02:01 IST" duration-ms="40840" status="PASS">
          <reporter-output>
          </reporter-output>
        </test-method> <!-- testCase8 -->
        <test-method signature="testCase9()[pri:9, instance:testCases.TestCase1@38c6f217]" started-at="2024-09-30T17:02:01 IST" name="testCase9" description="TestCase9" finished-at="2024-09-30T17:02:07 IST" duration-ms="6775" status="PASS">
          <reporter-output>
          </reporter-output>
        </test-method> <!-- testCase9 -->
        <test-method signature="testCase10()[pri:10, instance:testCases.TestCase1@38c6f217]" started-at="2024-09-30T17:02:07 IST" name="testCase10" description="TestCase10" finished-at="2024-09-30T17:02:28 IST" duration-ms="20277" status="PASS">
          <reporter-output>
          </reporter-output>
        </test-method> <!-- testCase10 -->
        <test-method signature="testCase11()[pri:11, instance:testCases.TestCase1@38c6f217]" started-at="2024-09-30T17:02:28 IST" name="testCase11" description="TestCase11" finished-at="2024-09-30T17:02:47 IST" duration-ms="19521" status="PASS">
          <reporter-output>
          </reporter-output>
        </test-method> <!-- testCase11 -->
        <test-method signature="testCase12()[pri:12, instance:testCases.TestCase1@38c6f217]" started-at="2024-09-30T17:02:47 IST" name="testCase12" description="TestCase12" finished-at="2024-09-30T17:03:32 IST" duration-ms="44896" status="PASS">
          <reporter-output>
          </reporter-output>
        </test-method> <!-- testCase12 -->
        <test-method signature="testCase13()[pri:13, instance:testCases.TestCase1@38c6f217]" started-at="2024-09-30T17:03:32 IST" name="testCase13" description="TestCase13" finished-at="2024-09-30T17:04:13 IST" duration-ms="40672" status="PASS">
          <reporter-output>
          </reporter-output>
        </test-method> <!-- testCase13 -->
        <test-method signature="testCase14()[pri:14, instance:testCases.TestCase1@38c6f217]" started-at="2024-09-30T17:04:13 IST" name="testCase14" description="TestCase14" finished-at="2024-09-30T17:04:30 IST" duration-ms="17183" status="PASS">
          <reporter-output>
          </reporter-output>
        </test-method> <!-- testCase14 -->
        <test-method signature="testCase15()[pri:15, instance:testCases.TestCase1@38c6f217]" started-at="2024-09-30T17:04:30 IST" name="testCase15" description="TestCase15" finished-at="2024-09-30T17:05:17 IST" duration-ms="47202" status="PASS">
          <reporter-output>
          </reporter-output>
        </test-method> <!-- testCase15 -->
        <test-method signature="testCase16()[pri:16, instance:testCases.TestCase1@38c6f217]" started-at="2024-09-30T17:05:17 IST" name="testCase16" description="TestCase16" finished-at="2024-09-30T17:06:03 IST" duration-ms="46040" status="PASS">
          <reporter-output>
          </reporter-output>
        </test-method> <!-- testCase16 -->
        <test-method signature="testCase17()[pri:17, instance:testCases.TestCase1@38c6f217]" started-at="2024-09-30T17:06:03 IST" name="testCase17" description="TestCase17" finished-at="2024-09-30T17:06:49 IST" duration-ms="45883" status="PASS">
          <reporter-output>
          </reporter-output>
        </test-method> <!-- testCase17 -->
        <test-method is-config="true" signature="closeDriver()[pri:0, instance:testCases.TestCase1@38c6f217]" started-at="2024-09-30T17:06:49 IST" name="closeDriver" finished-at="2024-09-30T17:06:50 IST" duration-ms="517" status="PASS">
          <reporter-output>
          </reporter-output>
        </test-method> <!-- closeDriver -->
        <test-method is-config="true" signature="afterSuite()[pri:0, instance:testCases.TestCase1@38c6f217]" started-at="2024-09-30T17:06:50 IST" name="afterSuite" finished-at="2024-09-30T17:06:50 IST" duration-ms="215" status="PASS">
          <reporter-output>
          </reporter-output>
        </test-method> <!-- afterSuite -->
      </class> <!-- testCases.TestCase1 -->
    </test> <!-- Test -->
  </suite> <!-- Suite -->
</testng-results>
