<?xml version="1.0" encoding="UTF-8"?>
<!-- Generated by org.testng.reporters.JUnitXMLReporter -->
<testsuite ignored="0" hostname="IMRAN-PC" failures="0" tests="17" name="Test" time="942.423" errors="0" timestamp="2024-09-30T18:12:42 IST">
  <testcase classname="testCases.TestCase1" name="testCase1" time="3.933"/>
  <testcase classname="testCases.TestCase1" name="testCase2" time="8.142"/>
  <testcase classname="testCases.TestCase1" name="testCase3" time="49.32"/>
  <testcase classname="testCases.TestCase1" name="testCase4" time="32.523"/>
  <testcase classname="testCases.TestCase1" name="testCase5" time="58.969"/>
  <testcase classname="testCases.TestCase1" name="testCase6" time="55.598"/>
  <testcase classname="testCases.TestCase1" name="testCase7" time="55.276"/>
  <testcase classname="testCases.TestCase1" name="testCase8" time="46.922"/>
  <testcase classname="testCases.TestCase1" name="testCase9" time="33.903"/>
  <testcase classname="testCases.TestCase1" name="testCase10" time="83.536"/>
  <testcase classname="testCases.TestCase1" name="testCase11" time="81.244"/>
  <testcase classname="testCases.TestCase1" name="testCase12" time="79.344"/>
  <testcase classname="testCases.TestCase1" name="testCase13" time="46.79"/>
  <testcase classname="testCases.TestCase1" name="testCase14" time="44.854"/>
  <testcase classname="testCases.TestCase1" name="testCase15" time="84.065"/>
  <testcase classname="testCases.TestCase1" name="testCase16" time="83.109"/>
  <testcase classname="testCases.TestCase1" name="testCase17" time="80.588"/>
</testsuite> <!-- Test -->
