<?xml version="1.0" encoding="UTF-8"?>
<!-- Generated by org.testng.reporters.JUnitXMLReporter -->
<testsuite ignored="0" hostname="192.168.0.107" failures="0" tests="17" name="Test" time="446.876" errors="0" timestamp="2024-09-30T17:06:50 IST">
  <testcase classname="testCases.TestCase1" name="testCase1" time="2.861"/>
  <testcase classname="testCases.TestCase1" name="testCase2" time="2.476"/>
  <testcase classname="testCases.TestCase1" name="testCase3" time="13.109"/>
  <testcase classname="testCases.TestCase1" name="testCase4" time="5.994"/>
  <testcase classname="testCases.TestCase1" name="testCase5" time="19.952"/>
  <testcase classname="testCases.TestCase1" name="testCase6" time="17.914"/>
  <testcase classname="testCases.TestCase1" name="testCase7" time="48.824"/>
  <testcase classname="testCases.TestCase1" name="testCase8" time="40.84"/>
  <testcase classname="testCases.TestCase1" name="testCase9" time="6.775"/>
  <testcase classname="testCases.TestCase1" name="testCase10" time="20.277"/>
  <testcase classname="testCases.TestCase1" name="testCase11" time="19.521"/>
  <testcase classname="testCases.TestCase1" name="testCase12" time="44.896"/>
  <testcase classname="testCases.TestCase1" name="testCase13" time="40.672"/>
  <testcase classname="testCases.TestCase1" name="testCase14" time="17.183"/>
  <testcase classname="testCases.TestCase1" name="testCase15" time="47.202"/>
  <testcase classname="testCases.TestCase1" name="testCase16" time="46.04"/>
  <testcase classname="testCases.TestCase1" name="testCase17" time="45.883"/>
</testsuite> <!-- Test -->
